<?xml version='1.0'?>
<ns2:test-suite xmlns:ns2='urn:model.allure.qatools.yandex.ru' start='1732028057827' stop='1732028077100'>
    <name>Navigation Tests</name>
    <title>Navigation Tests</title>
    <test-cases>
        <test-case start='1732028057827' status='passed' stop='1732028063795'>
            <name>should navigate to the Products page</name>
            <title>should navigate to the Products page</title>
            <labels/>
            <parameters/>
            <steps/>
            <attachments/>
        </test-case>
        <test-case start='1732028063818' status='passed' stop='1732028067449'>
            <name>should navigate to the Solutions page</name>
            <title>should navigate to the Solutions page</title>
            <labels/>
            <parameters/>
            <steps/>
            <attachments/>
        </test-case>
        <test-case start='1732028067475' status='failed' stop='1732028077044'>
            <name>Should navigate to all menu links</name>
            <title>Should navigate to all menu links</title>
            <labels/>
            <parameters/>
            <steps/>
            <attachments/>
            <failure>
                <message>Timed out retrying after 8000ms: expected 'https://evs.com/eu' to include 'products-&amp;-solutions'</message>
                <stack-trace>AssertionError: Timed out retrying after 8000ms: expected 'https://evs.com/eu' to include 'products-&amp;-solutions'
                    at eval (webpack://evs_cypress_project/./cypress/e2e/ui/navigation.cy.js:30:15)
                at Array.forEach (&lt;anonymous>)
                    at Context.eval (webpack://evs_cypress_project/./cypress/e2e/ui/navigation.cy.js:28:14)</stack-trace>
            </failure>
        </test-case>
    </test-cases>
</ns2:test-suite>